#! /usr/bin/vvp
:ivl_version "12.0 (stable)";
:ivl_delay_selection "TYPICAL";
:vpi_time_precision + 0;
:vpi_module "/usr/lib/x86_64-linux-gnu/ivl/system.vpi";
:vpi_module "/usr/lib/x86_64-linux-gnu/ivl/vhdl_sys.vpi";
:vpi_module "/usr/lib/x86_64-linux-gnu/ivl/vhdl_textio.vpi";
:vpi_module "/usr/lib/x86_64-linux-gnu/ivl/v2005_math.vpi";
:vpi_module "/usr/lib/x86_64-linux-gnu/ivl/va_math.vpi";
S_0x591da1839290 .scope module, "COUNTER_TEST" "COUNTER_TEST" 2 1;
 .timescale 0 0;
v0x591da1857ab0_0 .var "CLK", 0 0;
v0x591da1857b70_0 .net "Qa", 0 0, v0x591da1855e60_0;  1 drivers
v0x591da1857cc0_0 .net "Qb", 0 0, v0x591da1856630_0;  1 drivers
v0x591da1857d60_0 .net "Qc", 0 0, v0x591da1856e50_0;  1 drivers
v0x591da1857e00_0 .var "RST", 0 0;
S_0x591da1839420 .scope module, "C1" "COUNTERMOD6" 2 4, 3 1 0, S_0x591da1839290;
 .timescale 0 0;
    .port_info 0 /OUTPUT 1 "Qa";
    .port_info 1 /OUTPUT 1 "Qb";
    .port_info 2 /OUTPUT 1 "Qc";
    .port_info 3 /INPUT 1 "CLK";
    .port_info 4 /INPUT 1 "RST";
L_0x591da182c470 .functor AND 1, v0x591da1855e60_0, v0x591da1856ef0_0, C4<1>, C4<1>;
L_0x591da182ac90 .functor AND 1, v0x591da1856630_0, v0x591da1855e60_0, C4<1>, C4<1>;
v0x591da18571b0_0 .net "BLANK1", 0 0, v0x591da1855f20_0;  1 drivers
v0x591da1857270_0 .net "BLANK2", 0 0, v0x591da18566d0_0;  1 drivers
v0x591da1857310_0 .net "CLK", 0 0, v0x591da1857ab0_0;  1 drivers
v0x591da18573b0_0 .net "J1", 0 0, L_0x591da182c470;  1 drivers
v0x591da1857480_0 .net "J2", 0 0, L_0x591da182ac90;  1 drivers
v0x591da1857570_0 .net "J3", 0 0, v0x591da1856ef0_0;  1 drivers
v0x591da1857640_0 .net "Qa", 0 0, v0x591da1855e60_0;  alias, 1 drivers
v0x591da18576e0_0 .net "Qb", 0 0, v0x591da1856630_0;  alias, 1 drivers
v0x591da18577b0_0 .net "Qc", 0 0, v0x591da1856e50_0;  alias, 1 drivers
v0x591da1857880_0 .net "RST", 0 0, v0x591da1857e00_0;  1 drivers
L_0x776db84a1018 .functor BUFT 1, C4<00000000000000000000000000000001>, C4<0>, C4<0>, C4<0>;
v0x591da1857920_0 .net/2s *"_ivl_0", 31 0, L_0x776db84a1018;  1 drivers
L_0x776db84a1060 .functor BUFT 1, C4<00000000000000000000000000000001>, C4<0>, C4<0>, C4<0>;
v0x591da18579c0_0 .net/2s *"_ivl_4", 31 0, L_0x776db84a1060;  1 drivers
L_0x591da1867f40 .part L_0x776db84a1018, 0, 1;
L_0x591da1867fe0 .part L_0x776db84a1060, 0, 1;
S_0x591da183b1f0 .scope module, "F1" "JKFF" 3 9, 4 1 0, S_0x591da1839420;
 .timescale 0 0;
    .port_info 0 /OUTPUT 1 "Q";
    .port_info 1 /OUTPUT 1 "Qbar";
    .port_info 2 /INPUT 1 "J";
    .port_info 3 /INPUT 1 "K";
    .port_info 4 /INPUT 1 "RST";
    .port_info 5 /INPUT 1 "CLK";
v0x591da182adf0_0 .net "CLK", 0 0, v0x591da1857ab0_0;  alias, 1 drivers
v0x591da1855d00_0 .net "J", 0 0, L_0x591da1867f40;  1 drivers
v0x591da1855dc0_0 .net "K", 0 0, L_0x591da1867fe0;  1 drivers
v0x591da1855e60_0 .var "Q", 0 0;
v0x591da1855f20_0 .var "Qbar", 0 0;
v0x591da1856030_0 .net "RST", 0 0, v0x591da1857e00_0;  alias, 1 drivers
E_0x591da17feb40 .event posedge, v0x591da182adf0_0;
S_0x591da18561b0 .scope module, "F2" "JKFF" 3 10, 4 1 0, S_0x591da1839420;
 .timescale 0 0;
    .port_info 0 /OUTPUT 1 "Q";
    .port_info 1 /OUTPUT 1 "Qbar";
    .port_info 2 /INPUT 1 "J";
    .port_info 3 /INPUT 1 "K";
    .port_info 4 /INPUT 1 "RST";
    .port_info 5 /INPUT 1 "CLK";
v0x591da1856450_0 .net "CLK", 0 0, v0x591da1857ab0_0;  alias, 1 drivers
v0x591da18564f0_0 .net "J", 0 0, L_0x591da182c470;  alias, 1 drivers
v0x591da1856590_0 .net "K", 0 0, v0x591da1855e60_0;  alias, 1 drivers
v0x591da1856630_0 .var "Q", 0 0;
v0x591da18566d0_0 .var "Qbar", 0 0;
v0x591da18567c0_0 .net "RST", 0 0, v0x591da1857e00_0;  alias, 1 drivers
S_0x591da1856900 .scope module, "F3" "JKFF" 3 11, 4 1 0, S_0x591da1839420;
 .timescale 0 0;
    .port_info 0 /OUTPUT 1 "Q";
    .port_info 1 /OUTPUT 1 "Qbar";
    .port_info 2 /INPUT 1 "J";
    .port_info 3 /INPUT 1 "K";
    .port_info 4 /INPUT 1 "RST";
    .port_info 5 /INPUT 1 "CLK";
v0x591da1856bb0_0 .net "CLK", 0 0, v0x591da1857ab0_0;  alias, 1 drivers
v0x591da1856ca0_0 .net "J", 0 0, L_0x591da182ac90;  alias, 1 drivers
v0x591da1856d60_0 .net "K", 0 0, v0x591da1855e60_0;  alias, 1 drivers
v0x591da1856e50_0 .var "Q", 0 0;
v0x591da1856ef0_0 .var "Qbar", 0 0;
v0x591da1857000_0 .net "RST", 0 0, v0x591da1857e00_0;  alias, 1 drivers
    .scope S_0x591da183b1f0;
T_0 ;
    %pushi/vec4 0, 0, 1;
    %store/vec4 v0x591da1855e60_0, 0, 1;
    %end;
    .thread T_0;
    .scope S_0x591da183b1f0;
T_1 ;
    %wait E_0x591da17feb40;
    %load/vec4 v0x591da1856030_0;
    %pad/u 32;
    %cmpi/e 1, 0, 32;
    %jmp/0xz  T_1.0, 4;
    %pushi/vec4 0, 0, 1;
    %assign/vec4 v0x591da1855e60_0, 0;
    %pushi/vec4 1, 0, 1;
    %assign/vec4 v0x591da1855f20_0, 0;
    %jmp T_1.1;
T_1.0 ;
    %load/vec4 v0x591da1855d00_0;
    %load/vec4 v0x591da1855dc0_0;
    %concat/vec4; draw_concat_vec4
    %dup/vec4;
    %pushi/vec4 0, 0, 2;
    %cmp/u;
    %jmp/1 T_1.2, 6;
    %dup/vec4;
    %pushi/vec4 1, 0, 2;
    %cmp/u;
    %jmp/1 T_1.3, 6;
    %dup/vec4;
    %pushi/vec4 2, 0, 2;
    %cmp/u;
    %jmp/1 T_1.4, 6;
    %dup/vec4;
    %pushi/vec4 3, 0, 2;
    %cmp/u;
    %jmp/1 T_1.5, 6;
    %jmp T_1.6;
T_1.2 ;
    %load/vec4 v0x591da1855e60_0;
    %assign/vec4 v0x591da1855e60_0, 0;
    %load/vec4 v0x591da1855f20_0;
    %assign/vec4 v0x591da1855f20_0, 0;
    %jmp T_1.6;
T_1.3 ;
    %pushi/vec4 0, 0, 1;
    %assign/vec4 v0x591da1855e60_0, 0;
    %pushi/vec4 1, 0, 1;
    %assign/vec4 v0x591da1855f20_0, 0;
    %jmp T_1.6;
T_1.4 ;
    %pushi/vec4 1, 0, 1;
    %assign/vec4 v0x591da1855e60_0, 0;
    %pushi/vec4 0, 0, 1;
    %assign/vec4 v0x591da1855f20_0, 0;
    %jmp T_1.6;
T_1.5 ;
    %load/vec4 v0x591da1855e60_0;
    %inv;
    %assign/vec4 v0x591da1855e60_0, 0;
    %load/vec4 v0x591da1855f20_0;
    %inv;
    %assign/vec4 v0x591da1855f20_0, 0;
    %jmp T_1.6;
T_1.6 ;
    %pop/vec4 1;
T_1.1 ;
    %jmp T_1;
    .thread T_1;
    .scope S_0x591da18561b0;
T_2 ;
    %pushi/vec4 0, 0, 1;
    %store/vec4 v0x591da1856630_0, 0, 1;
    %end;
    .thread T_2;
    .scope S_0x591da18561b0;
T_3 ;
    %wait E_0x591da17feb40;
    %load/vec4 v0x591da18567c0_0;
    %pad/u 32;
    %cmpi/e 1, 0, 32;
    %jmp/0xz  T_3.0, 4;
    %pushi/vec4 0, 0, 1;
    %assign/vec4 v0x591da1856630_0, 0;
    %pushi/vec4 1, 0, 1;
    %assign/vec4 v0x591da18566d0_0, 0;
    %jmp T_3.1;
T_3.0 ;
    %load/vec4 v0x591da18564f0_0;
    %load/vec4 v0x591da1856590_0;
    %concat/vec4; draw_concat_vec4
    %dup/vec4;
    %pushi/vec4 0, 0, 2;
    %cmp/u;
    %jmp/1 T_3.2, 6;
    %dup/vec4;
    %pushi/vec4 1, 0, 2;
    %cmp/u;
    %jmp/1 T_3.3, 6;
    %dup/vec4;
    %pushi/vec4 2, 0, 2;
    %cmp/u;
    %jmp/1 T_3.4, 6;
    %dup/vec4;
    %pushi/vec4 3, 0, 2;
    %cmp/u;
    %jmp/1 T_3.5, 6;
    %jmp T_3.6;
T_3.2 ;
    %load/vec4 v0x591da1856630_0;
    %assign/vec4 v0x591da1856630_0, 0;
    %load/vec4 v0x591da18566d0_0;
    %assign/vec4 v0x591da18566d0_0, 0;
    %jmp T_3.6;
T_3.3 ;
    %pushi/vec4 0, 0, 1;
    %assign/vec4 v0x591da1856630_0, 0;
    %pushi/vec4 1, 0, 1;
    %assign/vec4 v0x591da18566d0_0, 0;
    %jmp T_3.6;
T_3.4 ;
    %pushi/vec4 1, 0, 1;
    %assign/vec4 v0x591da1856630_0, 0;
    %pushi/vec4 0, 0, 1;
    %assign/vec4 v0x591da18566d0_0, 0;
    %jmp T_3.6;
T_3.5 ;
    %load/vec4 v0x591da1856630_0;
    %inv;
    %assign/vec4 v0x591da1856630_0, 0;
    %load/vec4 v0x591da18566d0_0;
    %inv;
    %assign/vec4 v0x591da18566d0_0, 0;
    %jmp T_3.6;
T_3.6 ;
    %pop/vec4 1;
T_3.1 ;
    %jmp T_3;
    .thread T_3;
    .scope S_0x591da1856900;
T_4 ;
    %pushi/vec4 0, 0, 1;
    %store/vec4 v0x591da1856e50_0, 0, 1;
    %end;
    .thread T_4;
    .scope S_0x591da1856900;
T_5 ;
    %wait E_0x591da17feb40;
    %load/vec4 v0x591da1857000_0;
    %pad/u 32;
    %cmpi/e 1, 0, 32;
    %jmp/0xz  T_5.0, 4;
    %pushi/vec4 0, 0, 1;
    %assign/vec4 v0x591da1856e50_0, 0;
    %pushi/vec4 1, 0, 1;
    %assign/vec4 v0x591da1856ef0_0, 0;
    %jmp T_5.1;
T_5.0 ;
    %load/vec4 v0x591da1856ca0_0;
    %load/vec4 v0x591da1856d60_0;
    %concat/vec4; draw_concat_vec4
    %dup/vec4;
    %pushi/vec4 0, 0, 2;
    %cmp/u;
    %jmp/1 T_5.2, 6;
    %dup/vec4;
    %pushi/vec4 1, 0, 2;
    %cmp/u;
    %jmp/1 T_5.3, 6;
    %dup/vec4;
    %pushi/vec4 2, 0, 2;
    %cmp/u;
    %jmp/1 T_5.4, 6;
    %dup/vec4;
    %pushi/vec4 3, 0, 2;
    %cmp/u;
    %jmp/1 T_5.5, 6;
    %jmp T_5.6;
T_5.2 ;
    %load/vec4 v0x591da1856e50_0;
    %assign/vec4 v0x591da1856e50_0, 0;
    %load/vec4 v0x591da1856ef0_0;
    %assign/vec4 v0x591da1856ef0_0, 0;
    %jmp T_5.6;
T_5.3 ;
    %pushi/vec4 0, 0, 1;
    %assign/vec4 v0x591da1856e50_0, 0;
    %pushi/vec4 1, 0, 1;
    %assign/vec4 v0x591da1856ef0_0, 0;
    %jmp T_5.6;
T_5.4 ;
    %pushi/vec4 1, 0, 1;
    %assign/vec4 v0x591da1856e50_0, 0;
    %pushi/vec4 0, 0, 1;
    %assign/vec4 v0x591da1856ef0_0, 0;
    %jmp T_5.6;
T_5.5 ;
    %load/vec4 v0x591da1856e50_0;
    %inv;
    %assign/vec4 v0x591da1856e50_0, 0;
    %load/vec4 v0x591da1856ef0_0;
    %inv;
    %assign/vec4 v0x591da1856ef0_0, 0;
    %jmp T_5.6;
T_5.6 ;
    %pop/vec4 1;
T_5.1 ;
    %jmp T_5;
    .thread T_5;
    .scope S_0x591da1839290;
T_6 ;
    %delay 10, 0;
    %load/vec4 v0x591da1857ab0_0;
    %inv;
    %store/vec4 v0x591da1857ab0_0, 0, 1;
    %jmp T_6;
    .thread T_6;
    .scope S_0x591da1839290;
T_7 ;
    %pushi/vec4 1, 0, 1;
    %store/vec4 v0x591da1857e00_0, 0, 1;
    %pushi/vec4 0, 0, 1;
    %store/vec4 v0x591da1857ab0_0, 0, 1;
    %delay 20, 0;
    %pushi/vec4 0, 0, 1;
    %store/vec4 v0x591da1857e00_0, 0, 1;
    %delay 20, 0;
    %delay 600, 0;
    %vpi_call 2 10 "$finish" {0 0 0};
    %end;
    .thread T_7;
# The file index is used to find the file name in the following table.
:file_names 5;
    "N/A";
    "<interactive>";
    "DUT.v";
    "COUNTER.v";
    "JKFF.v";
