#! /usr/bin/vvp
:ivl_version "12.0 (stable)";
:ivl_delay_selection "TYPICAL";
:vpi_time_precision + 0;
:vpi_module "/usr/lib/x86_64-linux-gnu/ivl/system.vpi";
:vpi_module "/usr/lib/x86_64-linux-gnu/ivl/vhdl_sys.vpi";
:vpi_module "/usr/lib/x86_64-linux-gnu/ivl/vhdl_textio.vpi";
:vpi_module "/usr/lib/x86_64-linux-gnu/ivl/v2005_math.vpi";
:vpi_module "/usr/lib/x86_64-linux-gnu/ivl/va_math.vpi";
S_0x5ea7737c64c0 .scope module, "seq_1011_n" "seq_1011_n" 2 1;
 .timescale 0 0;
    .port_info 0 /OUTPUT 1 "dout";
    .port_info 1 /INPUT 1 "din";
    .port_info 2 /INPUT 1 "rst";
    .port_info 3 /INPUT 1 "clk";
P_0x5ea7737c6650 .param/l "s0" 0 2 3, C4<00>;
P_0x5ea7737c6690 .param/l "s1" 0 2 3, C4<01>;
P_0x5ea7737c66d0 .param/l "s2" 0 2 3, C4<10>;
P_0x5ea7737c6710 .param/l "s3" 0 2 3, C4<11>;
o0x733412772018 .functor BUFZ 1, C4<z>; HiZ drive
v0x5ea7737c8400_0 .net "clk", 0 0, o0x733412772018;  0 drivers
o0x733412772048 .functor BUFZ 1, C4<z>; HiZ drive
v0x5ea773816430_0 .net "din", 0 0, o0x733412772048;  0 drivers
v0x5ea7738164f0_0 .var "dout", 0 0;
o0x7334127720a8 .functor BUFZ 1, C4<z>; HiZ drive
v0x5ea7738165c0_0 .net "rst", 0 0, o0x7334127720a8;  0 drivers
v0x5ea773816680_0 .var "state", 1 0;
E_0x5ea7737c6950 .event posedge, v0x5ea7737c8400_0;
    .scope S_0x5ea7737c64c0;
T_0 ;
    %pushi/vec4 0, 0, 1;
    %store/vec4 v0x5ea7738164f0_0, 0, 1;
    %end;
    .thread T_0;
    .scope S_0x5ea7737c64c0;
T_1 ;
    %wait E_0x5ea7737c6950;
    %load/vec4 v0x5ea7738165c0_0;
    %pad/u 32;
    %cmpi/e 1, 0, 32;
    %jmp/0xz  T_1.0, 4;
    %pushi/vec4 0, 0, 2;
    %assign/vec4 v0x5ea773816680_0, 0;
    %pushi/vec4 0, 0, 1;
    %assign/vec4 v0x5ea7738164f0_0, 0;
    %jmp T_1.1;
T_1.0 ;
    %load/vec4 v0x5ea773816680_0;
    %dup/vec4;
    %pushi/vec4 0, 0, 2;
    %cmp/u;
    %jmp/1 T_1.2, 6;
    %dup/vec4;
    %pushi/vec4 1, 0, 2;
    %cmp/u;
    %jmp/1 T_1.3, 6;
    %dup/vec4;
    %pushi/vec4 2, 0, 2;
    %cmp/u;
    %jmp/1 T_1.4, 6;
    %dup/vec4;
    %pushi/vec4 3, 0, 2;
    %cmp/u;
    %jmp/1 T_1.5, 6;
    %pushi/vec4 0, 0, 1;
    %assign/vec4 v0x5ea7738164f0_0, 0;
    %pushi/vec4 0, 0, 2;
    %assign/vec4 v0x5ea773816680_0, 0;
    %jmp T_1.7;
T_1.2 ;
    %load/vec4 v0x5ea773816430_0;
    %pad/u 32;
    %cmpi/e 1, 0, 32;
    %jmp/0xz  T_1.8, 4;
    %pushi/vec4 1, 0, 2;
    %assign/vec4 v0x5ea773816680_0, 0;
    %pushi/vec4 0, 0, 1;
    %assign/vec4 v0x5ea7738164f0_0, 0;
    %jmp T_1.9;
T_1.8 ;
    %pushi/vec4 0, 0, 2;
    %assign/vec4 v0x5ea773816680_0, 0;
    %pushi/vec4 0, 0, 1;
    %assign/vec4 v0x5ea7738164f0_0, 0;
T_1.9 ;
    %jmp T_1.7;
T_1.3 ;
    %load/vec4 v0x5ea773816430_0;
    %pad/u 32;
    %cmpi/e 1, 0, 32;
    %jmp/0xz  T_1.10, 4;
    %pushi/vec4 1, 0, 2;
    %assign/vec4 v0x5ea773816680_0, 0;
    %pushi/vec4 0, 0, 1;
    %assign/vec4 v0x5ea7738164f0_0, 0;
    %jmp T_1.11;
T_1.10 ;
    %pushi/vec4 2, 0, 2;
    %assign/vec4 v0x5ea773816680_0, 0;
    %pushi/vec4 0, 0, 1;
    %assign/vec4 v0x5ea7738164f0_0, 0;
T_1.11 ;
    %jmp T_1.7;
T_1.4 ;
    %load/vec4 v0x5ea773816430_0;
    %pad/u 32;
    %cmpi/e 1, 0, 32;
    %jmp/0xz  T_1.12, 4;
    %pushi/vec4 3, 0, 2;
    %assign/vec4 v0x5ea773816680_0, 0;
    %pushi/vec4 0, 0, 1;
    %assign/vec4 v0x5ea7738164f0_0, 0;
    %jmp T_1.13;
T_1.12 ;
    %pushi/vec4 0, 0, 2;
    %assign/vec4 v0x5ea773816680_0, 0;
    %pushi/vec4 0, 0, 1;
    %assign/vec4 v0x5ea7738164f0_0, 0;
T_1.13 ;
    %jmp T_1.7;
T_1.5 ;
    %load/vec4 v0x5ea773816430_0;
    %pad/u 32;
    %cmpi/e 1, 0, 32;
    %jmp/0xz  T_1.14, 4;
    %pushi/vec4 1, 0, 2;
    %assign/vec4 v0x5ea773816680_0, 0;
    %pushi/vec4 1, 0, 1;
    %assign/vec4 v0x5ea7738164f0_0, 0;
    %jmp T_1.15;
T_1.14 ;
    %pushi/vec4 2, 0, 2;
    %assign/vec4 v0x5ea773816680_0, 0;
    %pushi/vec4 0, 0, 1;
    %assign/vec4 v0x5ea7738164f0_0, 0;
T_1.15 ;
    %jmp T_1.7;
T_1.7 ;
    %pop/vec4 1;
T_1.1 ;
    %jmp T_1;
    .thread T_1;
# The file index is used to find the file name in the following table.
:file_names 3;
    "N/A";
    "<interactive>";
    "mealy.v";
